22/01/22 13:40:27 : Username and Password not accepted. Learn more at<EOL> https://support.google.com/mail/?p=BadCredentials r2sm13582417wrz.99 - gsmtp<EOL>
22/01/22 13:48:29 : Username and Password not accepted. Learn more at<EOL> https://support.google.com/mail/?p=BadCredentials t5sm8665486wrw.92 - gsmtp<EOL>
22/01/22 13:49:15 : Username and Password not accepted. Learn more at<EOL> https://support.google.com/mail/?p=BadCredentials j19sm2483237wmq.2 - gsmtp<EOL>
22/01/22 13:49:22 : Username and Password not accepted. Learn more at<EOL> https://support.google.com/mail/?p=BadCredentials y15sm10388062wrd.22 - gsmtp<EOL>
22/01/24 20:31:57 : Username and Password not accepted. Learn more at<EOL> https://support.google.com/mail/?p=BadCredentials n13sm10891507wrv.94 - gsmtp<EOL>
22/01/24 21:18:15 : Username and Password not accepted. Learn more at<EOL> https://support.google.com/mail/?p=BadCredentials g4sm17636488wrd.12 - gsmtp<EOL>
22/01/24 21:18:21 : Username and Password not accepted. Learn more at<EOL> https://support.google.com/mail/?p=BadCredentials w9sm284133wmc.36 - gsmtp<EOL>
22/01/30 14:25:34 : Username and Password not accepted. Learn more at<EOL> https://support.google.com/mail/?p=BadCredentials j15sm7360111wmq.19 - gsmtp<EOL>
22/01/30 14:25:34 : Username and Password not accepted. Learn more at<EOL> https://support.google.com/mail/?p=BadCredentials b15sm9117668wrs.93 - gsmtp<EOL>
22/01/30 14:25:36 : Username and Password not accepted. Learn more at<EOL> https://support.google.com/mail/?p=BadCredentials a3sm10409363wri.89 - gsmtp<EOL>
22/02/12 23:45:05 : Username and Password not accepted. Learn more at<EOL> https://support.google.com/mail/?p=BadCredentials m31sm7611705wms.34 - gsmtp<EOL>
22/02/12 23:45:15 : Username and Password not accepted. Learn more at<EOL> https://support.google.com/mail/?p=BadCredentials e4sm5263713wrp.25 - gsmtp<EOL>
22/02/12 23:45:19 : Username and Password not accepted. Learn more at<EOL> https://support.google.com/mail/?p=BadCredentials f25sm7476277wml.16 - gsmtp<EOL>
22/02/12 23:45:22 : Username and Password not accepted. Learn more at<EOL> https://support.google.com/mail/?p=BadCredentials ay34sm2775587wmb.29 - gsmtp<EOL>
22/02/12 23:45:25 : Username and Password not accepted. Learn more at<EOL> https://support.google.com/mail/?p=BadCredentials t187sm7436215wma.22 - gsmtp<EOL>
22/02/12 23:45:32 : Username and Password not accepted. Learn more at<EOL> https://support.google.com/mail/?p=BadCredentials f9sm3531395wry.27 - gsmtp<EOL>
22/02/12 23:45:40 : Username and Password not accepted. Learn more at<EOL> https://support.google.com/mail/?p=BadCredentials ba14sm2135824wrb.56 - gsmtp<EOL>
22/02/12 23:49:55 : Username and Password not accepted. Learn more at<EOL> https://support.google.com/mail/?p=BadCredentials j10sm589337wmq.20 - gsmtp<EOL>
22/02/12 23:49:59 : Username and Password not accepted. Learn more at<EOL> https://support.google.com/mail/?p=BadCredentials w3sm25797005wra.67 - gsmtp<EOL>
22/02/12 23:50:02 : Username and Password not accepted. Learn more at<EOL> https://support.google.com/mail/?p=BadCredentials s6sm4939656wmr.43 - gsmtp<EOL>
22/02/12 23:50:05 : Username and Password not accepted. Learn more at<EOL> https://support.google.com/mail/?p=BadCredentials m12sm29577897wrp.61 - gsmtp<EOL>
22/02/12 23:50:08 : Username and Password not accepted. Learn more at<EOL> https://support.google.com/mail/?p=BadCredentials l12sm7297361wmd.44 - gsmtp<EOL>
22/02/12 23:50:12 : Username and Password not accepted. Learn more at<EOL> https://support.google.com/mail/?p=BadCredentials x5sm17521954wrv.63 - gsmtp<EOL>
22/02/12 23:50:15 : Username and Password not accepted. Learn more at<EOL> https://support.google.com/mail/?p=BadCredentials p12sm7516327wmg.36 - gsmtp<EOL>
22/02/13 00:09:15 : Username and Password not accepted. Learn more at<EOL> https://support.google.com/mail/?p=BadCredentials n15sm9353471wmr.9 - gsmtp<EOL>
22/02/13 00:09:19 : Username and Password not accepted. Learn more at<EOL> https://support.google.com/mail/?p=BadCredentials l31sm2372296wms.0 - gsmtp<EOL>
22/02/13 00:09:23 : Username and Password not accepted. Learn more at<EOL> https://support.google.com/mail/?p=BadCredentials o4sm2807979wrc.52 - gsmtp<EOL>
22/02/13 00:09:26 : Username and Password not accepted. Learn more at<EOL> https://support.google.com/mail/?p=BadCredentials b18sm17659941wrx.92 - gsmtp<EOL>
22/02/13 00:09:30 : Username and Password not accepted. Learn more at<EOL> https://support.google.com/mail/?p=BadCredentials e4sm5300315wrp.25 - gsmtp<EOL>
22/02/13 00:09:35 : Username and Password not accepted. Learn more at<EOL> https://support.google.com/mail/?p=BadCredentials c8sm9273561wmq.39 - gsmtp<EOL>
22/02/13 00:09:40 : Username and Password not accepted. Learn more at<EOL> https://support.google.com/mail/?p=BadCredentials k5sm12466111wrw.117 - gsmtp<EOL>
22/02/13 00:10:09 : Username and Password not accepted. Learn more at<EOL> https://support.google.com/mail/?p=BadCredentials x5sm17560982wrv.63 - gsmtp<EOL>
22/02/13 00:10:12 : Username and Password not accepted. Learn more at<EOL> https://support.google.com/mail/?p=BadCredentials c5sm18147204wrq.102 - gsmtp<EOL>
22/02/13 00:10:17 : Username and Password not accepted. Learn more at<EOL> https://support.google.com/mail/?p=BadCredentials j35sm7396424wms.32 - gsmtp<EOL>
22/02/13 00:10:21 : Username and Password not accepted. Learn more at<EOL> https://support.google.com/mail/?p=BadCredentials o22sm7399881wmh.13 - gsmtp<EOL>
22/02/13 00:10:29 : Username and Password not accepted. Learn more at<EOL> https://support.google.com/mail/?p=BadCredentials s7sm8551918wrw.71 - gsmtp<EOL>
22/02/13 00:10:35 : Username and Password not accepted. Learn more at<EOL> https://support.google.com/mail/?p=BadCredentials t4sm7625925wmj.10 - gsmtp<EOL>
22/02/13 00:10:41 : Username and Password not accepted. Learn more at<EOL> https://support.google.com/mail/?p=BadCredentials e3sm18617178wrr.94 - gsmtp<EOL>
22/02/13 00:12:09 : Username and Password not accepted. Learn more at<EOL> https://support.google.com/mail/?p=BadCredentials ay12sm6686167wrb.73 - gsmtp<EOL>
22/02/13 00:12:16 : Username and Password not accepted. Learn more at<EOL> https://support.google.com/mail/?p=BadCredentials az21sm7509278wmb.11 - gsmtp<EOL>
22/02/13 00:12:22 : Username and Password not accepted. Learn more at<EOL> https://support.google.com/mail/?p=BadCredentials l31sm2376112wms.0 - gsmtp<EOL>
22/02/13 00:12:35 : Username and Password not accepted. Learn more at<EOL> https://support.google.com/mail/?p=BadCredentials az7sm9216833wmb.14 - gsmtp<EOL>
22/02/13 00:12:40 : Username and Password not accepted. Learn more at<EOL> https://support.google.com/mail/?p=BadCredentials n7sm6762837wra.5 - gsmtp<EOL>
22/02/13 00:12:45 : Username and Password not accepted. Learn more at<EOL> https://support.google.com/mail/?p=BadCredentials v9sm13698228wrw.84 - gsmtp<EOL>
22/02/13 00:12:50 : Username and Password not accepted. Learn more at<EOL> https://support.google.com/mail/?p=BadCredentials h4sm30291349wre.0 - gsmtp<EOL>
22/02/13 00:13:15 : Username and Password not accepted. Learn more at<EOL> https://support.google.com/mail/?p=BadCredentials o14sm7410892wmr.3 - gsmtp<EOL>
22/02/13 00:13:19 : Username and Password not accepted. Learn more at<EOL> https://support.google.com/mail/?p=BadCredentials h4sm30292341wre.0 - gsmtp<EOL>
22/02/13 00:13:23 : Username and Password not accepted. Learn more at<EOL> https://support.google.com/mail/?p=BadCredentials r12sm1379552wmq.33 - gsmtp<EOL>
22/02/13 00:13:27 : Username and Password not accepted. Learn more at<EOL> https://support.google.com/mail/?p=BadCredentials n11sm7928455wms.13 - gsmtp<EOL>
22/02/13 00:13:31 : Username and Password not accepted. Learn more at<EOL> https://support.google.com/mail/?p=BadCredentials 11sm29436411wrb.30 - gsmtp<EOL>
22/02/13 00:13:36 : Username and Password not accepted. Learn more at<EOL> https://support.google.com/mail/?p=BadCredentials a9sm9356319wrg.53 - gsmtp<EOL>
22/02/13 00:13:41 : Username and Password not accepted. Learn more at<EOL> https://support.google.com/mail/?p=BadCredentials 11sm29436644wrb.30 - gsmtp<EOL>
22/02/13 00:22:47 : Username and Password not accepted. Learn more at<EOL> https://support.google.com/mail/?p=BadCredentials t11sm12357841wrs.66 - gsmtp<EOL>
22/02/13 00:23:50 : Username and Password not accepted. Learn more at<EOL> https://support.google.com/mail/?p=BadCredentials b16sm9057449wmj.32 - gsmtp<EOL>
22/02/13 00:24:16 : Username and Password not accepted. Learn more at<EOL> https://support.google.com/mail/?p=BadCredentials x17sm15972235wrv.107 - gsmtp<EOL>
22/02/13 00:39:09 : Username and Password not accepted. Learn more at<EOL> https://support.google.com/mail/?p=BadCredentials i15sm9500506wmq.23 - gsmtp<EOL>
22/02/13 00:39:18 : Username and Password not accepted. Learn more at<EOL> https://support.google.com/mail/?p=BadCredentials m12sm29656959wrp.61 - gsmtp<EOL>
22/02/13 00:39:31 : Username and Password not accepted. Learn more at<EOL> https://support.google.com/mail/?p=BadCredentials t187sm7503920wma.22 - gsmtp<EOL>
22/02/13 00:39:38 : Username and Password not accepted. Learn more at<EOL> https://support.google.com/mail/?p=BadCredentials p17sm7347173wme.25 - gsmtp<EOL>
22/02/13 00:39:44 : Username and Password not accepted. Learn more at<EOL> https://support.google.com/mail/?p=BadCredentials h18sm8593528wmq.8 - gsmtp<EOL>
22/02/13 00:39:49 : Username and Password not accepted. Learn more at<EOL> https://support.google.com/mail/?p=BadCredentials az7sm9257332wmb.14 - gsmtp<EOL>
22/02/13 00:39:55 : Username and Password not accepted. Learn more at<EOL> https://support.google.com/mail/?p=BadCredentials z5sm9146213wmp.10 - gsmtp<EOL>
22/02/13 00:50:26 : Username and Password not accepted. Learn more at<EOL> https://support.google.com/mail/?p=BadCredentials q2sm24278344wrw.14 - gsmtp<EOL>
22/02/13 00:50:33 : Username and Password not accepted. Learn more at<EOL> https://support.google.com/mail/?p=BadCredentials j35sm7445008wms.32 - gsmtp<EOL>
22/02/13 00:50:38 : Username and Password not accepted. Learn more at<EOL> https://support.google.com/mail/?p=BadCredentials y1sm9056022wmi.36 - gsmtp<EOL>
22/02/13 00:50:44 : Username and Password not accepted. Learn more at<EOL> https://support.google.com/mail/?p=BadCredentials d14sm8574087wrv.50 - gsmtp<EOL>
22/02/13 00:50:51 : Username and Password not accepted. Learn more at<EOL> https://support.google.com/mail/?p=BadCredentials m12sm29674062wrp.61 - gsmtp<EOL>
22/02/13 00:50:57 : Username and Password not accepted. Learn more at<EOL> https://support.google.com/mail/?p=BadCredentials b7sm14371383wrp.23 - gsmtp<EOL>
22/02/13 00:51:02 : Username and Password not accepted. Learn more at<EOL> https://support.google.com/mail/?p=BadCredentials n5sm7695233wrm.3 - gsmtp<EOL>
